23 48 5746 9805 2896 2660 9482 2402 5559 4365 7192 6025 34 3960 5401 7893 2029 988 1442 8423 3950 2836 8278 6507 
21 84 5034 1010 57 9712 595 105 5903 7368 1277 9651 6431 9471 8461 6233 1520 8000 7869 9454 3903 5504 
28 88 8787 3176 9382 4376 6034 7912 9156 7532 1979 9038 9784 8649 537 6006 5805 2102 5196 2111 548 7589 5641 9057 2307 8879 5874 8044 1150 
29 187 1438 1489 7373 5892 3270 5344 9836 7715 1561 7806 255 8693 9939 5357 619 963 5607 8162 3132 781 6472 5423 9689 1467 4785 7818 4127 4955 
24 303 6747 9806 9251 64 9272 1364 862 7918 8492 279 4032 5969 2012 2974 8754 5418 7144 4275 8836 5198 432 6210 9573 
26 474 271 4349 3565 6023 1152 1211 2885 1466 412 4033 6262 806 6608 2256 8221 7168 917 2265 8208 3254 8923 2277 1865 3110 939 
21 568 8713 4299 4020 4887 9849 3854 7502 8755 5097 7914 2186 8596 9728 848 8608 1481 1935 5581 9637 6644 
25 677 9820 7804 1324 4400 7503 8229 7305 3328 9026 7819 361 5360 9597 787 7925 3649 5488 7084 4670 4413 3957 4286 6559 7161 
26 719 5757 7683 146 9242 629 8018 1531 8491 9785 9114 9113 5350 2995 9945 6860 1405 3096 7067 7431 5613 9759 5209 7784 3591 3120 
26 837 5572 6836 9795 5291 8167 1109 9222 3394 355 6839 4562 5704 5733 8068 7419 5007 632 1615 1462 6761 4181 1938 1095 6052 59 
27 1066 8213 5698 9487 7174 1294 2377 3930 9844 3278 5373 866 7599 9902 7619 8526 1906 6691 5826 7332 9750 9243 6209 9307 7906 5265 7058 
19 1178 533 9954 454 3505 1934 1844 1266 9212 7720 7995 978 630 1848 7603 2730 6434 1207 7093 
24 1209 9402 4164 4920 8747 422 3098 7778 1292 816 8571 2749 5793 1298 3081 4719 6499 1708 8467 1801 4077 3742 9940 3724 
21 1315 3608 7152 5837 9962 5441 8140 9142 6655 812 4076 3916 8047 6050 3243 479 6872 7039 2998 430 4750 
27 1335 4428 6756 8803 1430 2473 3122 7048 9438 4282 9968 3776 1753 1132 8390 8121 5840 5084 6295 7225 9417 6097 5162 7905 7228 9317 4348 
23 1515 400 8254 506 5433 1968 1246 808 6680 4128 5072 1682 288 6131 4191 4822 6549 5912 7170 9887 1726 9714 8119 
24 1543 9452 3317 6567 761 2852 8860 9478 9823 8366 1681 8470 1236 943 6077 9807 5327 1032 5884 7989 9359 3522 3690 4622 
25 1560 8104 6536 1963 8236 853 1846 2477 5619 3210 7809 733 7177 1740 1446 4370 6988 6524 8011 522 1507 9280 4162 5637 2983 
26 1757 6199 4194 2605 640 1557 2119 1422 1476 2612 8988 8916 6939 9643 8270 4345 1533 8907 5742 6022 3964 3626 1680 4731 4506 8185 
26 1900 4387 8203 7446 2916 6480 6589 5899 1429 9687 8534 7394 9292 2364 4280 3844 1119 2553 4612 8604 3357 9197 1022 3046 8424 2770 
27 1992 166 150 4703 3542 531 7171 189 8316 402 4343 4272 8437 4265 6855 9708 9009 4201 9756 5229 8066 9145 5580 7717 8279 9004 737 
26 2009 3104 2904 4016 208 4123 8493 2648 1791 8793 3339 4992 4647 877 7875 7486 3519 569 9253 4193 2588 9984 3265 1586 2516 7036 
27 2135 5875 6450 119 5662 1355 9561 4552 7207 6751 3135 7645 9337 2768 7179 6947 1780 2674 8322 2849 7850 5935 4041 2298 9220 5931 247 
29 2356 9685 200 1655 4613 5495 7916 6716 2095 3314 4406 6713 8590 1154 3233 7099 6027 5590 9959 5542 9535 8455 3720 1788 1202 937 3172 6492 3259 
24 2432 477 5771 5732 4914 1263 867 8033 9208 202 6375 7626 5904 5000 4053 3060 7023 3504 6796 705 2993 7951 1892 8527 
26 2519 8029 3773 4558 3051 6089 826 9822 2048 384 2452 2109 1597 8246 470 2678 7738 7771 9672 8714 4288 6153 5833 360 1972 1931 
25 2571 8484 661 4875 1755 161 4119 6579 6393 6808 484 8960 7062 2684 1382 2913 3774 1807 8497 3600 5290 7268 13 8959 9227 
21 2581 4405 4986 5374 9641 6067 3752 5556 5016 5233 8513 682 7433 6259 9777 6335 3872 4728 2113 9717 263 
26 2695 2784 8157 6316 9130 708 7555 2412 2383 5999 274 9403 9442 8015 6055 9969 7578 9081 8744 9528 9875 4083 9596 3571 9461 7182 
27 2920 3245 9503 5829 5054 9100 8973 674 6268 342 9001 8136 3999 887 3359 8165 5738 8478 1816 574 2427 2855 3162 5459 9997 8606 472 
23 2949 1024 1218 3783 8937 2578 2053 561 614 2990 9162 1469 3805 4573 4933 5223 8964 7859 783 1043 4779 5476 5108 
26 3156 6849 2690 9804 7209 2984 5193 3621 7167 2229 1396 5929 3052 1670 253 5448 4341 4837 2347 5079 3280 5617 4408 2210 7751 6152 
27 3253 5744 4109 419 6764 2178 7096 379 4594 2248 1255 3282 8749 4232 2087 6928 2757 4847 6276 7607 6516 8626 7307 7722 7409 3860 465 
25 3580 1973 5668 4659 8273 1864 5070 2393 959 936 4212 8415 8107 3437 6528 3091 5823 4492 9841 4466 9067 1060 8 3500 9776 
25 3629 9920 4080 511 4585 8882 7118 2343 8288 2366 6591 256 999 1889 1769 6666 8846 2201 1659 2759 3886 2196 5616 6819 8921 
25 3696 199 4656 552 3759 2810 6999 1264 612 8004 8961 7352 1538 1485 2646 1214 6651 2195 4462 8762 1086 791 8249 2839 3286 
26 3869 1874 3445 2952 3117 7315 8486 1790 6391 8547 6363 5117 694 9244 6590 5827 7852 3382 8570 7426 1127 307 8251 2833 5232 5063 
25 4008 2424 1778 3112 4555 7643 6460 6868 3592 2051 9213 8025 3455 9318 7536 3538 2081 2022 1099 860 4179 9676 1751 9025 5891 
23 4078 5393 5480 5724 5603 2842 1541 2479 9022 1047 1058 3682 6490 7121 1131 9501 1153 2266 2080 31 3390 707 616 
23 4094 6654 8967 7411 8245 5451 3782 4654 3356 122 5908 1926 7250 850 5468 9924 2705 1542 1582 1837 2786 1652 2508 
27 4309 9649 8786 7602 2967 2464 8523 1098 6932 272 9362 67 26 1286 2311 1654 5490 9598 5286 1270 4142 4814 5644 5894 5368 6384 2441 
25 4377 7287 3024 5920 7787 2180 6967 9763 7414 8814 9421 4489 6846 6763 5525 6225 478 5103 4576 9149 3861 8724 669 7002 8331 
25 4435 3329 47 7698 1496 4958 3622 9238 4209 4394 3077 357 5384 6776 9740 6362 4975 7841 9206 6046 2827 4795 302 6533 4042 
25 4525 1883 3424 9744 6498 633 2979 2453 1376 7178 8906 3828 7292 738 9730 5863 5 4192 7157 345 2822 2046 5839 7996 5666 
25 4839 2603 7585 9286 2442 5036 7282 2866 5201 5864 1411 77 3010 1750 2965 9855 2666 7992 413 5129 8834 8572 5591 685 5646 
26 5018 3147 3375 2000 617 1311 5679 2164 8182 2037 3186 3323 1953 2190 6543 2584 5203 4678 2533 3479 3899 7539 5242 4242 9650 325 
27 5137 3073 9735 8445 2044 4858 3754 15 3454 9103 6692 4878 1920 9181 8498 8905 1950 7470 9713 8256 2853 6435 3971 7563 7702 5318 4124 
25 5299 6123 874 7876 5351 92 9394 5310 4907 310 7132 6513 859 4512 7327 2728 3198 8041 9973 3934 9885 5578 6365 5854 3825 
25 5335 8965 3398 8671 5701 3648 3499 7726 4772 8261 5640 3709 6219 1711 743 717 2092 460 3248 6195 3942 4841 2457 5449 2530 
27 5440 8736 2915 2973 9512 8112 5695 2128 8296 5394 1810 2722 9593 7101 6823 50 7371 1763 8084 3177 3020 4551 8352 8888 9782 7586 7173 
25 5868 6851 5541 4666 6402 7278 9101 3798 7508 6864 3767 1832 6205 3650 1388 4765 5518 4169 8639 3040 3978 3576 9747 7943 8113 
25 5970 3409 493 6186 5107 5830 8272 715 9623 2468 5041 9418 4188 3980 250 471 687 8394 4956 3766 4303 2361 5533 3543 5682 
24 6002 6502 6786 9586 5158 4749 7043 6630 8987 2796 4012 7506 7871 7124 3881 9522 4448 8032 351 5836 341 6112 7017 8122 
24 6031 8040 1252 6526 7901 3729 1831 5901 6857 2218 7615 2299 1827 7699 6347 1775 3953 1691 2182 7705 2550 317 4451 5029 
24 6252 718 9314 6026 2745 5861 6904 8760 8627 2614 1783 2777 5098 2524 5463 2872 5365 593 8942 410 7606 8647 1642 3737 
21 6403 4673 9289 8546 8300 7316 7075 1037 8242 449 7047 8436 4946 9034 625 4321 4484 6598 1301 9215 7758 
26 6412 3384 8198 5182 6615 6762 2505 8956 5998 7383 8108 5600 3101 3660 195 5696 8975 3217 7514 6419 2716 4610 9493 9120 7001 6650 
28 6466 7140 1674 8915 4141 1079 1631 7216 4944 7415 9229 1071 9150 3009 9148 8471 8946 7439 3431 5820 2795 8899 148 2161 6998 5647 1758 8054 
26 6670 4706 530 2399 8219 9065 6132 4398 6907 30 6769 754 1702 386 3399 2528 2616 8457 3996 1694 3744 2815 5499 56 1951 9304 
25 6783 8302 409 1628 7246 5366 9019 5256 9574 2740 495 5925 4452 2263 2988 5119 9261 3695 4367 4760 7343 8320 1579 8690 7404 
25 7005 2838 1995 9705 3936 3373 5021 9810 1980 6423 3487 1357 8258 8584 5035 1361 6144 8405 5609 6275 5251 6250 7673 8308 5293 
24 7013 5477 3663 1553 7274 7724 5372 2125 5379 9880 2142 6600 824 8045 3713 1732 4480 573 8267 5048 8696 1195 4446 6613 
21 7109 4836 3119 6989 9249 6905 8598 6353 2437 1314 9194 4681 9653 6169 8730 8269 1549 4995 2170 1377 1055 
23 7270 4064 4411 8617 7569 3905 9433 7006 7701 928 5420 3088 8776 9437 9695 4737 9088 7826 6725 4383 1983 6994 710 
26 7399 5856 8784 2305 5156 376 5088 1725 2035 9701 7940 338 6167 3053 1566 5851 3481 5706 5546 7634 1085 2165 5148 4267 3255 5225 
26 7463 6150 332 4973 9527 1250 9151 7915 7366 5306 9302 1534 9630 8842 6033 9060 7656 2454 7185 9745 4812 8451 1585 6944 8808 8480 
23 7475 9046 4112 9927 9655 1220 6885 6722 7610 1905 3072 7886 8317 6320 7031 9041 9857 7776 7836 2764 4976 298 7467 
25 7928 1593 8574 1994 7668 8188 1817 9322 9994 9941 1714 9774 5849 8200 2378 7056 3517 5231 1577 2194 9622 5922 7476 7649 7733 
28 7956 5487 8309 9947 4291 5674 6570 3532 8687 3997 9790 9778 6982 7588 1857 4152 4740 3344 3809 62 4757 8479 2629 5949 3417 234 3892 2117 
22 7965 1838 8978 9769 4029 7284 9377 9270 5529 3913 6948 5639 1457 9108 6690 8751 1161 755 6614 7165 4962 8178 
26 8175 2589 2074 9743 6814 5838 6188 1930 9420 1911 6312 283 6226 9348 6249 7932 2085 291 4548 5028 5264 810 188 455 7335 1646 
26 8292 7116 3291 2651 9068 6784 1644 2121 1875 880 3714 5958 7402 1743 2560 185 5164 2124 3125 995 3932 7283 8861 6147 566 1343 
27 8310 7028 3849 7867 4115 6652 3940 3770 2525 6909 3271 9230 3377 3473 3747 6813 9664 1856 3725 1162 9615 5450 3683 4230 3035 5436 5398 
26 8640 7104 1959 8856 922 5124 3785 7197 4939 6157 2808 5694 4251 7497 1945 2545 6637 5330 336 2727 2902 4458 7079 3028 1230 20 
22 8773 1550 8995 1352 9044 7857 5692 151 9366 322 7741 525 8930 8417 4240 4022 2807 5787 7269 5596 3264 5179 
23 9256 4154 8940 3232 120 883 8952 9299 6953 8601 6975 5877 227 2733 2158 5412 3911 14 7484 8797 1570 4057 638 
28 9313 6329 5890 3066 3666 1910 6896 7456 5356 1104 1368 5411 592 3139 3300 8387 6289 7591 205 9453 167 7308 4416 6606 913 5889 758 4156 
28 9393 1630 9274 6942 1729 241 7263 6476 8953 2057 4675 9758 8745 9183 2632 5217 5383 7449 6072 8202 6732 6592 5121 648 9189 5312 7133 8154 
23 9504 4396 2741 7019 2543 4249 2977 5154 1513 1296 3413 2093 2003 3730 5795 7 4672 5871 9432 3349 5896 8701 7986 
25 9707 4208 6879 645 4503 1595 7564 9303 4221 3501 5715 6298 7461 3379 7584 3337 6370 8065 3552 2962 5669 9608 7303 3749 3618 
22 9913 2782 8088 6491 1297 7422 3597 8764 6038 7403 997 8672 3376 3598 4118 1440 9404 5531 9642 2326 2138 8453 
26 2465 1228 3603 8419 5428 2385 8694 8413 819 93 9490 7326 5309 7076 1502 7897 7854 2890 165 7324 1219 4769 2193 2007 321 3204 
26 9976 2641 965 3105 6425 1046 9972 369 2054 8659 8007 5140 3150 2039 801 9594 6054 6660 6935 5153 2744 4774 1356 8433 5408 3883 
26 4379 3459 5535 6634 378 5815 461 4247 1069 5250 4096 2765 684 6318 973 760 8771 673 5781 9008 7833 4791 7964 9123 7123 1547 
22 3607 7320 4935 3200 5511 4450 3290 3867 2192 4072 8105 8563 9899 8354 2416 5438 3367 4269 6019 1141 5900 2659 
25 5497 567 2975 318 4940 7535 6237 5033 8312 7659 7262 1027 6539 7377 7175 5215 4385 603 6487 7660 9301 8508 2847 9311 8210 
26 9847 6884 4848 8285 2041 3435 2661 7169 4895 9074 3845 7483 3141 7340 2700 1789 27 5585 9578 1284 2823 5926 8282 4393 1962 3617 
23 8878 1970 4003 5187 7239 4879 4653 4802 5909 7972 8141 7528 6561 7590 6557 5190 6383 8999 5322 5395 3126 4350 8957 
26 9752 8262 6208 9557 4024 1441 4356 1309 9992 586 1819 5651 2231 2950 9049 654 3662 3497 7033 8712 1517 3705 8910 3113 3665 4338 
27 2735 4873 9602 4720 7884 3778 5962 9031 3851 7754 6085 4988 4746 8863 3873 262 6299 8944 5397 6936 38 1374 9568 4354 5485 8106 8862 
26 9084 9595 6003 1503 2409 4017 1415 4776 799 4566 2438 6581 2978 1629 634 7917 5483 2549 4023 5762 3175 9601 491 316 8211 4716 
26 7429 726 41 1777 3370 2771 444 6197 4784 1748 7065 8976 2159 5548 8689 2494 4026 1610 6254 5842 9840 8223 3797 1288 4140 9374 
27 7657 5359 6765 7567 1175 2033 2706 2072 121 2893 3127 6165 3536 1116 8442 2522 9966 8805 5997 1108 8706 5773 4896 3787 7834 9918 8350 
24 4090 7082 3991 7097 5751 1537 9075 542 1176 2444 3449 2478 5520 7025 5807 207 9529 4447 6300 955 5311 2821 6087 6479 
25 3442 7451 1524 4705 6357 4541 9186 6915 4734 6290 4825 6897 4730 8473 7504 8469 7030 6354 36 2625 3702 4697 7151 906 3528 
26 5693 8073 3557 7380 4595 5437 6593 2174 2086 7341 1741 3392 4259 9079 2004 1828 6154 7970 7774 2392 7481 9013 3441 6993 794 1705 
22 672 1384 4635 1186 4318 494 3623 979 3225 5171 517 8325 4423 3076 641 3089 1927 2709 4700 5239 7235 3021 
22 6822 5948 1421 3022 3993 1182 9133 3305 6562 2804 1339 1770 3777 3827 9582 3206 5924 5831 3343 9196 749 6257 
26 4494 1100 8338 2036 4652 1346 8263 523 7145 8918 4533 2546 6442 8061 1351 813 5530 5319 7089 764 7054 3415 6373 4759 9721 5697 
26 549 8449 481 2112 3807 4990 5803 7984 5907 9474 4248 2596 7781 3962 5274 1719 4560 2162 3670 7482 5897 6448 2458 9486 2073 2862 
25 9619 8376 8328 1206 6580 9062 5160 3469 3496 8253 1850 7582 3553 4210 3006 7378 1205 6992 6954 8295 7051 9775 2610 7011 8171 
27 1305 1323 9666 4863 2635 572 6213 2556 9837 5302 2309 3221 744 4173 786 9958 4748 6564 1089 5671 5338 4928 1617 2593 2880 4133 8377 
22 9563 4352 9654 4493 9158 8909 9516 2958 8446 2758 8250 5478 7420 6837 3118 1571 9606 3745 5435 401 6664 1562 
24 6263 3990 6951 5686 8034 9127 5576 1458 7501 9694 6201 4235 728 2204 4915 3374 3332 7632 486 1665 1350 5055 6242 9172 
27 5192 7471 6296 4404 9179 4403 6279 4965 1248 8901 2863 3753 3699 7260 1901 5921 745 5430 5648 418 6653 73 4998 4418 3520 5294 1019 
23 3055 7575 4205 3205 5008 2467 1922 5004 4368 6129 4529 6337 2303 2918 3726 8409 1795 1173 8369 1497 7565 8884 2664 
21 1097 5991 2937 8094 1523 508 1393 9754 9225 686 1291 2294 8845 1687 2701 2066 3048 6018 900 3288 2049 
25 4601 3276 1697 3632 6575 7682 9539 8851 2025 1861 6146 5785 1854 6264 8954 2047 3634 9904 1556 9036 2339 3287 667 9936 9558 
24 9003 9864 6922 9042 9199 3793 6882 5608 1428 7205 3115 7529 4620 2430 2894 3355 6972 1998 2114 5044 1295 2329 170 6063 
26 2247 315 2495 5621 7253 5409 3227 9264 3425 8481 3137 9460 7505 8763 6754 8651 9119 858 3998 8611 9772 8142 2914 6546 3185 1134 
24 2015 4507 6352 3433 8806 546 4397 8103 8502 1688 4543 1471 7944 6142 7848 983 9723 4926 4431 4530 8589 7026 7985 5471 
25 4742 3049 3976 5562 607 1453 7066 4147 7222 3443 8431 7538 4810 4739 4360 6385 6554 6668 8794 971 3322 6573 5937 4883 994 
27 700 2748 4661 615 5783 9138 643 6243 9624 8186 6880 8692 8074 8304 2279 1672 6511 4524 158 44 3864 9051 8929 3612 6151 7731 9476 
24 423 3708 1460 3493 6618 7150 509 5725 6806 4264 6281 293 3237 7958 6709 4727 9236 1742 143 5555 7432 1599 1614 7527 
24 8518 1773 9495 3605 1627 1319 7143 1045 6898 9006 6625 6459 1140 8003 2381 7838 7858 6835 4229 2503 5316 108 8897 3850 
27 1273 6658 7546 9104 6703 3338 4355 8610 3044 7967 9479 7220 7904 4710 8432 8810 6990 5930 7908 5066 3268 2096 9555 4735 1966 6364 7700 
25 8731 2788 4815 290 8795 8176 2675 9228 9226 7490 4523 4388 3979 7405 3700 1358 2183 6568 4527 3728 7452 9309 4390 9818 1805 
26 6689 5027 2106 1267 6474 6927 7135 374 2867 6379 2241 3436 4646 7365 6801 4501 451 7027 4609 2249 289 9154 8174 9909 3858 3589 
21 8890 3615 4880 8761 382 3421 9143 4608 5226 9350 2150 8522 1036 7022 6071 9590 7947 5138 9977 7714 1558 
24 9514 8024 9255 3614 7642 388 3874 6211 1420 2844 8284 3674 2943 8971 8720 5111 7895 532 2472 9808 3995 3327 9765 4091 
25 2720 2166 1276 596 9341 6247 1168 249 1568 9240 8460 3251 6574 9470 7549 1853 4336 773 4600 1954 1482 3184 3378 1137 8618 
25 7861 739 8979 502 7444 1985 7103 2065 4074 2021 9378 1624 7125 6565 9153 1167 7280 3246 9519 8716 9266 2598 3042 5819 3969 
27 3090 658 2293 6265 3114 753 9981 553 4989 6106 6642 4357 613 2308 4902 5655 4732 4771 3318 653 8230 7694 1552 1077 3923 2300 6127 
24 713 5990 8832 3544 849 4639 9357 1872 9789 8819 8705 4547 7939 7773 3526 681 7242 5676 5095 4968 4540 1958 5547 2208 
25 7936 5887 6818 6638 2126 9928 1912 987 1461 1842 916 171 3438 2351 2499 3943 358 8859 5185 8144 5399 5065 2606 6840 9915 
25 6277 7612 3430 448 1601 1245 3775 9964 6367 2206 5329 912 4279 5292 4469 331 6256 9982 4361 9502 4967 4134 383 2411 3043 
24 203 7434 8191 81 7014 3085 2901 5658 5389 8591 1918 1026 3545 9699 5109 6577 3954 6194 1334 6933 5224 1425 3863 1082 
26 5934 4693 8902 6550 6966 896 4477 584 9611 5289 1695 4590 8997 8855 116 6090 7667 6427 407 8114 4994 8398 1278 3853 2322 4891 
25 6901 9246 3426 8766 9457 6346 3839 5995 6056 4086 3645 9843 2431 3484 6174 8922 3401 1498 4671 4577 79 8501 3983 1015 5390 
28 6815 7020 5369 4246 9071 6078 6956 5809 6416 9298 5473 4487 8576 4323 6204 7797 5136 2971 4816 931 3933 1877 5683 8222 6334 3014 2609 3386 
23 7070 2942 3368 3602 3583 5982 857 624 618 4075 4430 2719 4619 6314 503 7655 7218 7074 9260 8487 3871 2608 5631 
23 4679 4980 267 7759 1511 2260 1004 9441 8134 6678 4457 5313 9967 7581 9839 2001 3733 7485 8825 3128 0 6258 5125 
25 5445 8425 7792 6473 7579 4862 9900 934 7817 5569 5176 8307 2850 2017 2567 6906 8286 2476 3363 6899 1893 7885 1969 7215 6350 
25 1105 3462 8991 2470 3190 4371 9963 7271 7793 196 692 1307 173 7556 1836 8632 7767 4146 4294 8685 7349 5404 1084 5865 8556 
25 2883 9052 3334 665 3539 716 1539 8721 3163 6873 9697 9704 5963 8753 2489 3467 6624 1076 4504 4474 5130 2806 635 5790 6111 
26 3817 1447 2230 5120 9345 8367 2665 8585 7691 8830 9333 7757 9428 2016 9435 2389 2030 6787 2202 7126 1390 3914 1619 1052 2819 6467 
25 9305 3575 2147 2425 3906 6643 1436 8800 3731 9192 6821 991 8958 914 9400 8525 1717 2149 346 9040 7390 8866 3638 5876 7937 
24 4059 5213 6068 8448 4297 66 1169 4971 9729 1639 7866 7587 3065 1519 7551 6811 43 9360 5321 2562 5272 4231 6521 2618 
24 1138 3951 9469 1233 6454 7203 1143 9089 4722 1907 9534 3201 1050 7265 4461 2214 4868 4116 324 1285 5024 8925 5446 7533 
26 5324 3005 2957 7580 5620 832 7191 8243 7604 1417 9592 6708 683 4698 5002 5157 9021 3385 2028 721 6143 5932 8468 6051 4069 8789 
27 1867 5743 1869 5712 5650 1565 4327 5632 4293 3509 852 153 6505 8813 7071 6636 4835 7545 3301 1157 7559 4633 5667 2697 3688 8163 3569 
25 4758 1013 1177 98 1913 4099 691 4163 7474 275 4701 3877 2116 1078 5722 1164 3788 2459 5194 4557 4516 8152 2185 4277 6342 
26 311 1904 3842 1884 7856 4888 3133 2568 7407 2737 4964 1468 8817 5421 9086 2873 1554 287 4999 5015 1849 7669 7413 9646 1677 2848 
28 6381 5818 7314 1986 3420 4007 4930 3434 9896 8416 5208 6888 1772 3968 2398 7328 2365 6588 1155 6937 5703 1483 1437 9600 4172 2421 6881 5944 
28 2917 3208 8274 417 2250 8298 3451 6094 3895 387 10 2561 2443 4000 7385 9170 4155 2617 1268 373 4380 9953 4161 6534 9198 2280 998 6870 
24 6706 6877 364 529 8652 254 1179 3584 576 889 8549 1999 8336 9039 7815 1730 426 5740 4766 869 9585 9494 3107 5174 
24 7957 4885 3092 9549 1835 4326 3247 4800 4114 9659 5801 6970 1982 4715 3448 9621 8422 5177 4298 9048 1813 7350 790 1226 
26 769 8557 8440 5566 7685 2217 4744 6659 4159 1924 8334 6578 3011 8532 6923 5506 7333 8052 6646 5266 9580 4375 5845 8488 9387 3408 
23 519 7188 9306 6255 4657 4481 4070 2374 3432 4378 3595 3235 1371 1535 9865 1890 9059 3306 9803 2013 8948 3229 8582 
24 5717 9691 9874 8348 559 3482 1475 3230 5268 8031 9798 5675 487 7201 63 903 6852 9094 879 6621 2905 1064 7537 1304 
25 4071 7553 2455 7557 3220 8529 6066 1943 2043 9584 320 2959 3494 7100 5778 9686 3342 7652 6611 5085 5197 3207 7968 2408 2169 
27 606 6662 6206 1843 5779 2551 7745 8981 3946 3476 1448 7148 4942 2144 2793 4517 3878 7923 2493 5010 6797 1426 5489 9390 9792 82 8947 
25 8708 8290 6125 9634 5371 9408 1391 7488 4453 3534 2244 1796 9363 7063 220 9122 5947 5509 7450 6468 8386 7880 6943 8622 1923 
26 3549 2536 442 7870 4245 4021 2368 4584 2264 3761 6406 5786 5167 8115 1671 4684 2267 2380 7029 8781 8894 9660 6445 7183 3111 4374 
29 7499 5971 1251 3263 7172 6305 7256 3165 1299 365 5040 2935 7507 6396 1604 841 6282 339 7443 3884 1063 2692 4132 2879 1669 8452 6514 757 3032 
25 1776 8566 7465 7662 5228 4034 2790 7234 9106 3308 6974 6116 9250 3397 9431 4001 5761 3834 6551 362 8095 6096 7154 3012 4987 
21 3307 9985 9890 8614 1365 9570 949 2898 9644 8605 7321 42 4262 6753 3548 2812 1398 4315 1473 327 4243 
24 8477 4781 4184 1640 1201 6648 8151 4588 4104 3963 3154 7788 6308 3331 9688 9017 8679 2483 6586 4417 9336 6685 2656 8098 
22 6663 3249 6741 4048 2654 876 4775 9720 4856 8428 7363 103 4420 7598 5059 6284 5178 7348 9787 5623 5361 7111 
26 5235 789 9543 9353 6523 2696 6698 2270 4532 5534 8450 5353 3213 6862 8673 5763 1053 6960 3769 925 9178 9058 9567 5551 5855 5821 
26 5300 699 277 3475 6438 4643 91 3261 5824 2234 6684 9541 9571 7531 3395 3074 8896 4917 2620 3037 3486 5429 8313 797 8865 6170 
27 9409 3236 7638 498 1 85 2640 7812 1504 4167 1317 3 6187 8539 1933 7966 941 9591 6145 1413 9760 1028 7597 1129 5978 4641 6016 
22 8950 2422 9640 8772 7847 2480 2107 1096 4981 7909 6176 3330 2582 4960 5118 6395 3889 1070 9520 1147 3928 8740 
25 3167 2512 3989 9926 4602 7092 921 6082 5550 3811 4472 5005 2175 742 4694 3061 2420 7247 4949 2302 9922 3180 5413 8463 3631 
22 563 4225 2235 100 3784 1768 1785 2034 894 4190 1450 370 2215 4505 4500 1574 4402 788 8893 5147 2492 8718 
22 9679 8227 3082 3181 9028 7176 7381 7647 5417 7286 6798 5975 4650 6841 750 4751 6183 966 16 4905 2312 8870 
25 768 4255 5212 1949 7479 2406 1455 2921 8160 3722 6730 9767 4429 201 6478 7160 5427 2668 1274 7981 9217 4556 2448 3620 5606 
23 5860 3527 1121 9349 3169 3746 1480 8510 9167 9826 5314 5444 7061 8172 7304 2002 1915 4542 7412 1120 5545 9589 6288 
26 8758 5636 989 1102 2482 8737 9284 9526 938 4550 8688 7021 129 5052 9870 8427 1237 3059 1616 4488 6028 5432 3002 2133 8078 8770 
21 8670 5303 8421 6274 8686 7830 6345 2228 3977 4682 6617 3551 6686 1397 9603 4763 8139 6177 3687 3347 9329 
25 6916 3655 7631 7226 3879 8876 7988 485 4068 8807 9779 6326 276 2445 7942 7003 2803 9365 8777 4401 1158 1118 8091 3284 136 
24 9888 8630 873 2352 475 3513 7693 6297 8691 7525 6726 4569 4993 4982 1165 8697 591 9344 2761 6976 1344 6627 2376 3755 
27 6807 6457 3865 4088 1222 6272 2187 821 9639 7749 953 3959 7094 6604 996 3387 5905 9588 6918 4680 5800 246 8707 6594 9095 4606 5020 
24 2316 1227 4455 6409 7464 74 5076 3173 5163 1736 6366 8599 6697 1611 4900 6328 7511 6760 1044 2460 7136 5718 8332 9766 
25 2061 2357 3947 6012 2245 9171 4709 5914 7727 6451 7755 8935 9384 6387 9233 9327 5339 8318 2510 8756 8635 8441 89 811 5370 
24 5086 1407 4624 3816 5756 2927 7041 2075 8038 5105 8550 3672 9205 8750 6679 450 9515 5206 9098 7257 5410 111 5254 8337 
26 4058 1651 8351 3938 8042 8037 6013 4969 7822 1598 4263 918 405 9533 3738 3525 752 1432 5392 885 4596 6411 844 3641 2814 9131 
27 4618 7064 5500 6245 6742 6729 7665 2652 7837 3694 8746 7231 776 2344 1964 125 4322 7322 3582 628 8466 1526 652 6834 4723 1093 1653 
25 7929 842 1363 8637 982 7684 9248 5101 8125 4916 3550 7807 9185 9868 3659 5893 5938 1126 7827 8908 9540 8503 6576 7410 9536 
26 7561 3067 428 9871 5453 907 6081 4638 76 1715 6292 2268 9988 183 217 4176 8966 1704 6957 960 2070 792 6070 5159 8137 4865 
25 7401 2297 856 3721 9165 1942 4498 4787 1464 1308 1988 7734 8569 9372 7752 868 3711 6232 1478 5469 8849 8717 729 4951 8700 
25 2384 2825 6133 7134 7697 1330 8193 7296 9722 4979 6552 1786 9425 3590 1548 9367 8474 6408 9069 7540 2064 1479 6481 8057 2658 
26 4855 6139 457 5888 9492 2900 9381 4699 5001 6610 946 4136 3262 9548 7982 7155 520 5574 4178 229 7469 2985 4901 1488 805 5501 
26 273 4984 5282 2856 8155 8030 2386 8257 599 6838 9221 4893 5992 9867 3567 4165 2662 6869 1765 1107 5886 8919 3533 3652 2456 8517 
28 6831 8021 3786 5957 2787 2207 5170 7513 7764 4634 6987 4515 5472 9706 1145 7331 8294 7500 2466 6671 1103 861 6731 4261 4570 3987 8374 5538 
25 9325 8739 5295 6771 8854 3530 425 2693 319 4840 1914 4237 5728 154 2405 2895 7670 2953 7526 2372 2490 5348 9169 8083 9281 
23 3444 9935 5983 3970 514 3086 1774 7566 8748 4549 8669 8283 3920 1839 2816 2232 3272 725 4199 3388 7801 6465 6271 
23 5769 1803 1580 2077 7732 8990 8266 4062 9987 5582 3222 9780 5552 223 814 8668 6759 2469 6278 1021 218 6917 5665 
24 9140 3029 9385 9702 2323 6251 5260 1259 5481 9838 3925 1499 6042 2486 5186 2672 110 631 3309 1280 258 301 4479 3994 
22 4948 3541 7085 2999 9923 2291 7037 6190 9163 5597 1572 8829 3955 9509 5618 3131 7059 5096 4861 598 3400 5857 
27 8703 2714 5189 4826 9018 657 177 5014 8644 4559 5670 695 5284 72 5183 139 1373 4252 7306 1703 4721 5791 7959 7297 7524 9829 8217 
25 117 2233 8370 5955 3453 2831 9265 1700 1051 6515 7560 4890 8931 701 7976 4333 2018 192 1360 269 2970 6941 5737 8327 3586 
26 7913 1804 9562 6398 1686 8190 2884 286 6566 3561 7865 3894 3123 9480 2084 5979 5993 2487 4991 4108 8092 2886 7374 4741 8939 3562 
28 6695 7186 3572 1223 3058 9872 2304 7941 40 2630 2439 1876 2153 3808 9682 803 968 577 8914 1648 2750 466 5337 2976 3422 8156 6853 2055 
27 7040 4583 6239 6338 2570 6886 9364 7761 4031 8339 4821 670 126 6339 5625 6859 2269 5498 2496 7367 6084 1242 4509 8341 7863 6246 3514 
26 3855 1113 3830 4250 313 9889 8970 2558 9980 7712 4340 3404 278 8010 4565 8676 5132 1505 3804 404 1216 8913 5812 1452 4040 9334 
26 3371 2899 3068 5663 381 1762 2954 6850 5635 1771 9023 9083 7708 4144 8362 3000 7294 1400 8472 3944 2136 2564 7953 8311 8674 6919 
23 8329 8323 5285 3915 2997 9842 1862 377 8895 3070 7462 5537 9727 1932 3283 2282 5496 5772 820 8666 9793 7424 8594 
25 9675 9406 7428 5090 6000 1106 2591 1981 9508 689 8067 7353 8822 9616 8234 7571 4015 8358 8255 8053 480 5895 9129 8726 7601 
26 6198 3160 3188 2992 611 7636 5994 9912 8533 3570 8741 4582 5032 9821 6014 7661 2027 884 1766 3324 7338 1825 5811 535 8490 7223 
25 9449 4421 950 5601 5043 7729 3843 5709 3075 4711 9462 4351 8992 9295 9565 2222 75 3890 8837 5544 8411 4611 8429 9753 3289 
25 4307 696 3396 6749 3502 4063 3531 9612 1197 1584 6306 714 1761 8359 9489 6628 4175 5053 5325 6394 9746 8380 5536 1456 4158 
24 375 3170 720 780 7494 2585 4636 7613 6064 6415 9152 6977 1163 4389 7703 5916 6964 9343 5283 1279 2594 3677 8722 3380 
24 1040 7357 9636 846 233 459 524 8928 1061 9917 4852 9886 3483 703 7855 2226 9174 8678 7902 5814 6349 7166 9560 4803 
26 222 8149 8548 5516 3972 225 2076 2045 8407 7680 582 2633 8616 4135 5019 9755 2177 6310 5081 3876 4129 1133 9552 5047 2864 8375 
21 1005 3758 2718 5082 4130 3155 6319 2319 9879 174 9674 3296 9211 2826 54 3348 8934 7600 5753 9214 2897 
26 9550 326 172 4035 8742 2753 147 6041 7949 8624 1822 238 4789 5396 7418 6124 6091 9991 7596 312 6099 2491 9427 4445 1115 6191 
26 3555 7293 2963 9078 6069 9450 3818 6893 6587 5514 8444 8293 2504 6816 7016 7417 305 4166 1957 6500 2258 5974 6440 5867 240 9860 
25 1135 9164 6024 3345 2314 193 9881 6036 4718 7090 8593 1125 5739 9572 727 226 9398 7845 1172 4676 4702 3715 1961 9700 1212 
23 3578 7000 2600 3194 3439 8827 4853 7654 2370 6447 232 4067 5080 8252 851 4373 7336 1540 5461 4616 6032 6973 4476 
28 5424 7709 4170 4761 830 9538 3958 4331 7907 9632 9882 6253 4768 7879 3159 155 500 94 2097 2331 7105 3427 1445 5750 7530 3529 9259 406 
23 4894 5615 1030 6547 5091 5074 8904 3039 6047 8009 4663 3628 4831 6938 6075 8356 5961 3033 7664 8096 5563 8641 9906 
27 920 1406 9267 7572 8989 6705 5866 5400 5915 3862 4456 2375 9884 8917 6773 7962 6429 7622 7396 3768 3581 2987 7954 6285 5202 8226 4432 
26 9799 9733 8774 839 8791 5069 5579 4278 1947 3007 5247 5180 2854 1976 9218 2236 8875 2484 8537 2363 3084 6501 7052 9210 7896 1359 
27 2559 8489 5710 6711 4629 7548 7010 2395 7516 6134 7149 6488 5919 8143 6504 4082 3452 6432 8340 5940 4922 2746 3250 371 4424 8612 7795 
24 6541 499 8831 8785 7068 7805 3691 4921 4499 1320 5184 186 4850 5850 2763 6497 3034 5745 9465 4753 3734 2502 3480 1410 
28 961 817 9282 8464 2982 3477 5622 3675 1338 4211 8150 3574 1337 2213 3973 8495 2911 7360 5277 4081 3456 8499 4010 1367 349 1287 1204 2818 
24 372 6135 5049 3875 476 5009 7843 21 5804 7288 6122 5166 9929 1707 8215 6894 2638 4599 1144 3275 6844 831 818 3664 
24 7952 2736 3468 3685 6925 7926 2332 8291 5981 4567 9275 1187 1375 8002 2101 9662 4931 7821 204 5407 6876 4904 9097 8301 
23 3654 3680 4854 2817 9505 4236 1188 2835 8646 1781 6891 1727 1989 3136 3412 8531 5115 4465 5834 8982 1074 7436 3880 
23 24 9463 3403 3921 6076 772 6544 2713 2501 5259 7552 1289 905 4051 8592 2475 664 4589 1213 4977 8385 4185 4047 
25 2869 627 9813 9109 2751 8667 138 6596 7689 6810 1834 1649 9335 8680 4395 2752 1196 5946 2369 3423 452 9668 8371 1898 4177 
28 8962 4437 2198 4285 3319 1845 5169 7445 847 3673 698 4625 5385 958 3508 2834 4631 2708 3320 7139 8483 3882 7290 60 901 9014 6595 4292 
19 4637 4537 730 9925 2360 9346 2089 6231 1075 2099 7760 8443 2306 323 6828 7214 6057 7391 722 
23 4150 6752 5425 6058 1693 127 9952 9054 1787 9015 9407 5767 9824 8528 521 551 9530 1185 3488 221 7035 2698 2243 
26 6115 5491 9627 5777 6392 3732 1331 6737 6426 7122 9139 2595 242 4535 7153 6372 5595 179 1258 4864 2704 944 2103 2321 4844 7460 
25 3988 190 5006 1326 9681 1232 403 6962 9911 5188 680 740 1668 2414 4468 80 3523 829 1347 9414 766 7611 3224 5988 2273 
26 5885 8586 6307 1997 7710 751 9684 5298 7498 215 8225 6452 4770 3832 7802 2712 9312 878 2255 9124 7213 7744 2521 4823 9241 1887 
27 541 7210 2118 2132 5656 7276 3609 4884 2246 4085 3174 4688 1042 6996 1316 5195 9961 6720 7264 5775 8702 2310 8943 8648 1826 5280 8069 
24 4143 7114 2642 3191 9738 7534 3099 2875 3498 8063 7990 2148 1885 5789 9786 5759 6371 3297 1881 7423 2703 4729 828 675 
21 6228 7891 3381 2776 156 8869 8820 5630 8126 11 4138 4100 8889 2091 904 1936 747 3143 7458 1909 2724 
27 622 6558 9011 2537 4587 1902 7746 1859 4677 281 893 2151 2805 2756 8197 1974 3336 6667 647 2951 5276 5869 3003 436 1191 5376 3097 
28 1833 1635 3129 4733 4806 8379 5426 5792 7339 2052 1840 2945 4044 2340 4454 6790 1618 4526 3383 6230 2146 7487 4934 7617 2908 1699 3984 5244 
26 6961 5808 2711 1518 2333 9761 2240 4828 7931 7389 6824 6908 6540 1567 7820 8280 1632 827 3668 8633 6508 1184 2098 9290 3780 5334 
22 29 8458 7768 7196 2181 2653 6062 8164 3466 3031 724 3689 6397 8476 5968 4889 1238 367 4668 9910 898 9770 
25 1664 5113 5996 1908 6856 8173 4366 8542 9950 4224 1656 5042 5391 809 7137 870 7272 5149 1083 9726 4483 9956 4811 9396 7115 
27 55 3138 9631 9951 1647 4786 7558 3829 7592 2910 9607 9085 2024 3686 4712 2462 2687 2419 7835 3678 6892 4283 8145 5003 9749 4332 9354 
26 9523 8459 9559 9297 3616 9832 7816 8631 3986 6104 4038 6772 3212 693 7786 5645 9663 1249 6553 919 6673 2450 756 690 4568 3812 
25 9216 2079 209 951 7994 8118 930 23 8926 5073 9583 8811 9661 8381 972 2688 4945 3209 6929 6889 2301 3676 9383 6241 8414 
27 9283 5387 2511 3108 9620 6216 2857 3203 8645 4767 8097 6463 5565 1340 3446 6802 7408 7258 4239 3658 1506 2349 7803 7618 6461 424 9430 
24 4842 7325 7386 4256 9812 4244 5211 5155 7091 4312 9547 5705 9801 1851 3151 3109 4943 8655 2798 1940 7008 2940 5592 1510 
24 2576 2324 608 7236 6293 8306 9268 2645 7266 4692 6785 1229 8048 1650 6464 1401 5414 2723 8240 5521 702 9764 2449 4592 
23 4346 7198 4867 2573 8984 6677 6114 5278 678 1217 7195 3178 4762 6215 7517 5315 8985 1793 5207 899 6845 2794 2410 
23 1888 6493 3779 9252 6280 9070 5526 2907 9056 7259 4092 6517 4513 6388 9173 8005 8180 5127 1645 4310 8363 5939 626 
26 734 945 6200 2261 7034 9033 990 2115 6178 7998 9155 688 6940 2611 2991 5950 1321 7868 9907 5144 5634 1128 4324 6273 6080 6795 
26 3149 8158 5377 210 895 9710 8695 649 7794 7392 779 5532 6830 4442 1136 2447 8181 162 2569 7038 1808 9439 4052 8613 2286 7641 
22 7119 1852 8588 7690 9610 3215 8719 9859 2104 2694 527 8343 8841 7206 8660 5126 8625 9921 4337 5443 1290 4725 
27 4214 1689 8434 2639 823 3102 843 3735 7493 6389 8767 4443 8621 2396 4804 7072 3704 4334 2858 8315 6100 4313 9203 9773 107 6441 3857 
25 7862 1955 4107 2663 9645 5045 2809 929 6181 1897 304 1345 4335 8076 7960 7299 5802 588 4131 2775 1427 2259 6635 2238 4145 
25 157 3651 1002 8079 4139 9564 578 4113 6921 8551 1921 1435 3161 4036 7921 5165 1007 270 6934 7317 746 7184 5653 795 1929 
25 2986 109 9316 2881 8653 6048 6639 8303 7194 6240 3027 5561 5870 5611 8399 9342 2579 3515 33 1899 623 637 8735 9938 8535 
22 297 7846 7430 7337 9375 9481 8058 4796 6863 5475 4276 1011 8828 9050 9445 9715 6236 4743 4510 131 6118 1439 
24 1978 8792 8133 8128 6244 9948 4347 8864 6571 2063 6799 2960 7735 2892 3503 3158 8839 3303 2188 5928 6390 2669 7789 8131 
26 3103 1784 1530 4207 5539 8259 709 7187 7078 4892 8883 7791 836 7521 8335 8013 7961 1706 87 5142 8983 9147 4399 5362 8482 590 
23 5341 1512 5748 5816 330 9737 4045 5452 7361 5708 2882 5023 7790 8199 5479 7725 9053 923 3063 6065 9648 3870 8319 
27 2912 3197 9401 168 3966 6119 2919 5553 1203 4125 3847 134 6778 333 4925 309 2980 8885 2801 9468 642 7300 5972 7509 4752 3791 1559 
26 3281 7329 6455 9815 507 8504 1746 7769 5064 4111 3295 3593 1031 5810 6854 3389 735 5633 3956 5755 3716 3056 6895 6035 3965 3559 
29 5716 3697 5466 975 1386 9751 2613 3062 462 2547 8109 793 6138 4440 1275 3856 5729 2274 6324 3587 8912 8634 3192 6489 6287 5806 4157 1841 4241 
27 957 4414 6053 1240 5012 348 2355 4838 7987 2154 282 9355 2189 2563 8821 4674 7238 7212 2050 8206 7963 9391 9223 6979 4554 1823 1020 
26 6724 7108 2497 6446 3802 9858 3896 2184 1389 9321 5172 6629 8127 539 8583 6827 3144 3771 8733 6355 2870 5131 1663 9669 8430 3643 
28 445 2123 6202 4050 7382 4171 5238 1110 4353 1709 4358 8872 17 6137 9395 1666 9605 6229 2317 9413 7495 8132 9200 9690 4308 3134 8087 6185 
25 3693 8629 565 1792 986 9392 6163 2122 7045 3285 8383 6682 3299 3813 3707 4736 2800 785 2968 4859 822 1809 4049 4790 4186 
23 2020 5727 4200 5017 9483 4006 280 9908 4843 4809 589 7397 556 2619 2514 5765 5454 7544 8100 3898 12 6405 181 
28 8395 3546 2143 3083 9657 2799 9134 9458 7515 4924 5462 1871 4473 3625 9848 2903 9665 723 5333 8643 4304 1244 4284 8364 6368 2683 3781 6721 
23 2008 5858 7102 4658 5263 9466 1412 1643 130 2601 7842 5191 1000 5255 2699 2071 3941 8036 308 7073 7219 1522 5273 
25 8406 2538 7379 3740 9410 7730 8782 137 4014 1591 9783 1387 6829 5326 3004 2295 8734 7244 9332 5354 4174 4691 2224 2922 2597 
23 5598 2436 9030 7554 3047 1146 9288 516 6683 3992 3145 3824 9423 3926 621 9892 7625 4037 9257 9861 1408 2172 2509 
21 3030 4223 5025 5711 6538 6380 2173 2156 1159 909 9978 2433 8006 5985 1713 8818 8456 8321 1847 18 8123 
25 3471 8435 6192 2031 9180 8228 8485 7080 8562 3216 3292 581 6707 4745 7674 4222 5261 6878 8393 7593 644 7369 3304 7069 6113 
21 7141 9405 6155 306 9132 8014 2023 350 6743 3635 8656 7583 180 5677 1760 1546 6496 2843 329 759 1378 
27 8102 5510 248 3199 2140 4485 39 7576 4206 5700 8326 4060 8544 6486 8628 6509 5980 2199 2889 651 2743 429 4908 1641 7748 3679 5173 
26 8840 5060 7975 439 1797 5642 8595 396 5684 8815 7823 7547 5139 4919 545 8738 2587 344 1657 3831 4972 6074 9703 1403 4927 437 
28 585 2296 8892 3411 6984 7692 9177 6098 3157 9160 1967 2390 1870 510 7653 8567 4936 9531 3485 3183 2707 2574 1149 8683 6045 2152 910 4538 
28 268 9128 8224 5602 8955 6270 7387 6331 8401 7920 6235 2341 8903 2956 7646 213 8347 1451 2038 3087 9125 8880 4860 6482 296 7057 4296 5253 
24 4495 4260 9845 3554 8071 9077 6238 8212 1720 4217 7520 5419 7608 2615 3764 7623 9099 4707 4726 2925 8130 8538 6266 9970 
26 1353 3540 7248 6475 1465 5690 8101 458 408 2829 736 2139 4978 7782 676 815 1370 9047 2328 6040 9443 2435 5252 6717 8397 2276 
26 5406 5237 128 935 9116 1349 2602 3258 1193 8511 5210 5143 9658 4460 3568 3961 1224 6001 7060 7200 9551 8752 8994 926 587 1418 
27 8342 8699 5089 4807 8085 6101 7808 9566 1008 2622 8661 9043 6542 7189 5852 6471 8623 7550 8977 5843 8418 4434 4180 9960 5434 6518 8543 
25 5649 212 1863 9537 5457 3901 2760 9300 5523 1767 6043 5168 9933 5906 1673 5078 6623 3226 5151 5037 8684 9010 5150 2032 5629 
27 7640 5358 7648 95 1977 8403 9195 397 2565 8620 2621 6820 239 3266 1035 8812 9853 3823 6506 3937 4151 228 6136 1658 2253 3719 2544 
26 1528 1637 6168 9696 8093 3038 767 8996 9370 8494 3269 7009 2762 6020 7800 6086 7844 71 4271 5797 555 1991 8089 4820 3535 7472 
21 583 1192 9497 9604 7275 1166 6140 9361 6527 363 2590 6303 3642 5549 2379 597 2888 2252 662 1087 6221 
28 2941 7687 4196 6718 6903 5135 9035 2924 3909 2397 6223 7630 2837 6858 5956 9447 6620 7541 3365 9903 7421 4183 6701 8205 8391 5977 3975 5841 
23 8204 3202 8555 5279 8809 1891 8799 2078 8775 8169 1690 7354 6738 6812 5114 7892 468 8235 9986 5846 8168 5923 5848 
26 3025 3148 206 956 7883 1474 7633 8062 5941 5134 216 78 5512 7853 7974 1409 45 9096 3852 4095 6535 2391 6207 2423 2677 6260 
24 1735 1984 1142 8521 6503 5422 7811 886 4302 1638 9287 3919 5882 7447 4439 9315 5275 6768 2223 3633 5011 6212 3093 144 
26 5304 3311 4910 6029 3026 5799 1745 4617 352 6848 2498 1626 4963 2242 2336 8196 9587 784 7181 7279 8046 7044 6148 9876 9545 9380 
25 4829 4686 1685 1215 159 353 6156 2766 2769 8540 112 453 260 28 748 4579 9895 7671 1798 9931 1600 7950 7991 6294 2130 
25 741 4877 3510 1399 244 1016 3799 5519 4777 1041 2325 8779 5367 9725 2555 2403 3806 9310 7980 8355 2353 6991 3836 980 4929 
26 5381 1372 9412 9045 2934 1529 175 5564 6103 2938 4651 9136 3045 9863 8438 9389 6126 7695 4342 4783 8514 9339 4463 5883 8541 2964 
27 9979 4536 1625 7637 9757 8768 7364 5557 872 8826 1756 5911 6105 4359 855 5754 1996 4954 2811 7756 68 6770 6007 6715 431 1701 9472 
22 8559 8932 3891 6420 3036 7110 8857 5039 7935 8475 512 3234 2254 7706 4238 8600 9693 5075 2628 2592 9993 2691 
23 6321 9579 6805 9424 9741 7542 2670 1394 6436 2461 1463 4870 7291 4849 3706 6214 5328 2529 2318 7489 4197 9831 2225 
24 3743 1860 5540 6710 9477 1587 7595 4213 5465 777 1424 5340 8986 8361 7313 4289 2283 3491 5056 7261 9184 3762 679 1088 
26 9581 5218 9320 1200 1723 9949 8665 4274 8214 5610 2281 5092 5780 8565 2785 4102 5570 7128 4110 504 3071 440 3274 9797 7568 295 
23 1269 8447 284 1491 7208 6871 9731 7903 1692 8788 6444 1551 53 9914 5832 3900 2069 5624 4061 8183 1514 3848 7252 
22 6039 933 6825 704 5951 9652 7872 4470 5133 800 6733 5071 7233 9995 9016 882 9521 1636 3095 9371 5058 1261 
27 8520 1734 3821 2056 4409 9262 3418 8998 8500 6120 9800 6779 7570 4881 5258 6376 7400 1678 3164 5038 2779 8663 6421 1731 6093 4018 2586 
28 3457 6924 9965 1830 8681 3057 4713 7113 6746 2191 1012 2535 4518 473 547 7605 4571 6532 2471 7979 2647 3803 6417 3260 5460 5817 4909 9638 
26 8728 8209 3910 9105 5234 6222 6971 1302 1752 1960 5527 2345 6983 22 534 2552 5257 6555 264 5918 7522 9340 1014 1576 9937 5859 
27 4687 7512 2566 9680 7492 5660 4724 4433 3765 6866 9358 9716 8524 9239 5271 3244 7675 1049 1917 2824 5691 3814 3703 6317 2100 9811 4268 
25 3564 3826 697 3833 8110 5952 4270 6865 4301 2710 7130 3756 974 5416 2239 6227 8287 6781 3179 3922 4226 540 5494 2227 7441 
27 580 5654 1313 3566 2981 3524 7301 7370 9667 9157 1123 4290 243 7285 6149 4754 1124 2155 570 6010 7053 3015 562 3792 1148 8008 9673 
28 6649 7993 4833 9144 1500 5352 7477 2362 1257 7924 2082 2933 6712 2532 9331 6332 528 5128 1578 2860 5873 7473 8056 911 7395 4126 2221 1003 
25 61 7129 2626 7574 4520 8378 1521 6161 6793 543 5872 1235 9862 5687 9386 1092 8465 7775 5281 2878 1419 4257 4220 962 1569 
26 4788 328 3017 1873 6601 3949 4696 3974 4866 4019 9998 8516 4168 8129 8281 3353 1183 1623 7910 9126 2131 6217 5431 6322 7042 3402 
26 5161 5112 8573 135 164 4615 7344 1620 2972 8871 3846 8974 515 5502 875 8039 3419 2820 9076 5493 932 4363 7310 6470 6 557 
28 6456 2426 5205 6220 2731 5375 9833 2680 897 4628 2636 2715 7707 2721 9506 5966 8732 6400 8305 9932 2891 6890 7055 6702 6788 3718 7824 1006 
22 8179 5332 4957 5287 1583 8968 7627 639 3447 9224 5220 7753 2871 160 3815 237 1675 2624 3698 7376 7459 976 
20 6952 7948 942 6744 4937 6301 3547 1395 3893 6414 9835 2500 6079 8727 236 5657 4808 8082 2289 5230 
23 7877 9347 3362 4101 9576 2527 7081 1067 7750 1073 1956 6286 1265 8852 4386 2058 2929 3464 7158 7087 1180 3518 1318 
26 7799 4959 4233 3739 4704 646 5382 4046 8662 4539 9376 7743 9456 6734 7969 2772 9802 9791 1754 7478 6011 8867 7977 9024 7356 4103 
25 489 6794 5214 4011 9263 7466 1282 1392 2513 1747 366 4407 214 2789 8077 3018 604 1737 7644 8124 4604 4364 9146 398 1948 
26 9207 1194 7249 782 354 8597 7762 5782 5380 4669 5470 863 6130 7273 5524 7728 8392 4381 9500 1928 101 5749 8216 4531 2019 2813 
21 8184 5699 3116 660 7425 4441 5123 890 9513 3267 8933 467 2413 7362 6626 1333 389 712 3945 845 4911 
26 8420 1170 513 2440 7190 881 6422 4819 1716 2359 8289 4093 1882 985 7095 1017 8709 4425 4436 9794 6341 9434 602 9507 8396 391 
24 8675 3333 6159 3866 211 7448 3393 636 9379 6605 9397 6583 9416 8357 9989 9285 3019 4627 3100 9007 5813 7112 9834 6439 
24 6424 9974 7347 3537 7245 5713 3981 9082 4642 7796 8545 3256 8881 8729 4234 8016 2655 3312 7050 7621 8195 8838 5758 1009 
26 5245 8277 8410 656 5584 6719 4328 8373 7900 8017 7650 2994 6556 3982 2285 8050 3506 5331 8408 411 1490 8275 5735 7831 6931 5723 
24 6160 2026 8835 977 7663 1509 6283 6333 3231 7164 5122 4805 6714 8360 6560 7616 2088 132 2481 1607 6817 1114 1341 1718 
24 7468 5917 9202 4664 6657 230 9324 3121 4851 4997 9237 385 7839 6180 9245 2387 7828 8276 4391 7888 5942 2157 2773 224 
25 1866 9191 3512 1111 9209 1023 8051 3750 6378 2205 7718 4218 8512 420 1621 340 3822 6166 5467 2067 6700 763 4295 3218 9916 
24 3692 1090 9869 6645 6173 9475 7309 2330 2541 3772 2400 6171 8153 3391 9732 8233 7678 2725 7681 9451 5760 3712 6750 4662 
23 8578 7255 2212 1160 9388 163 6641 5026 4747 7510 5558 2876 8439 2257 6949 9352 6428 51 1112 7202 6782 6433 6748 
22 9121 5719 4544 7342 1325 5219 1198 133 6728 6861 7351 3841 3560 9455 5828 3240 8924 8238 5269 4079 3611 8710 
25 1993 3294 1564 8146 8059 8951 3315 5910 1944 9934 7651 8833 3613 5349 5568 6545 5736 1895 915 804 6107 4054 5077 4778 9827 
26 3239 7435 5517 2717 7840 4966 1062 4491 8237 7624 4106 4985 970 8873 4097 4438 2868 9618 8769 9271 4545 2643 8602 4305 3335 4160 
24 9901 7230 5307 483 7438 1181 2275 7562 544 1603 5305 3661 3902 6874 5068 9510 5336 6315 4325 9373 6616 9484 8404 2463 
26 7911 3196 9556 8816 984 3124 3904 4871 8603 8743 3610 6462 4591 5484 1094 3577 3684 9883 5594 5989 1362 3604 1812 8260 9878 1722 
25 9411 3257 4794 4153 7442 2059 2160 6946 2515 2989 2417 3341 6612 4258 6267 8972 5199 5707 5726 1759 6343 6631 6158 3887 6453 
24 1563 6327 9002 9617 1443 3624 6386 9000 7620 5083 3351 4369 6777 8297 888 3171 5612 8759 6449 1594 1683 4203 7899 2840 
27 4882 6404 3601 655 7277 6182 871 5100 3146 6910 6519 3428 5587 8299 940 6755 334 5346 4952 7519 1379 4780 5051 4996 4273 9577 2627 
28 5902 6529 2335 7666 9524 3054 6313 4798 6344 52 6443 7384 774 3241 3016 2284 2485 5741 8135 1712 706 8658 5822 4392 927 9446 3838 8120 
25 7229 9768 2780 7737 9819 1369 6374 2966 833 6699 9436 5734 9080 4597 2739 4478 3801 9201 1829 3094 4574 1545 9061 8265 7375 
24 4066 1609 7779 5593 9429 993 1660 9073 4824 83 2859 9894 7978 1171 7302 8704 6632 620 1987 2830 6015 6676 5508 7049 
20 6965 6110 7406 7243 1272 992 4344 6832 6179 5386 4329 2887 6510 6687 4818 8454 3140 6348 2090 3313 
22 610 666 35 1381 7971 7609 2 2923 6522 2634 6483 9422 7930 8117 1764 7241 7127 2094 6950 2679 9614 1139 
25 7318 6656 7319 2518 8796 6537 775 7679 2315 9724 5768 6920 3416 356 4874 3736 668 496 2342 4793 6986 2554 86 1254 5586 
28 2429 7455 2742 9633 6842 9118 9546 560 3657 5567 8148 3556 9247 257 663 1322 3912 6758 4187 6037 3794 4215 7523 5515 6291 6959 4897 231 
24 6633 9473 6669 497 8530 3760 8638 1470 5317 9351 594 4970 2068 2936 4932 3897 6351 564 5013 2014 1231 438 8607 7393 
27 2278 9090 1588 69 2577 8615 1256 4089 1117 5959 1800 3293 1501 5986 3939 1782 1025 3820 5022 1744 5784 4534 2689 9971 7814 1327 2271 
26 2774 9544 8346 5347 2060 4607 97 2948 6681 3924 8400 5061 4316 9091 6117 3917 6791 605 1174 4797 1380 1059 9296 5659 5798 2203 
24 9020 6485 7677 1260 152 2105 1880 2373 3340 9816 5482 6945 4974 8936 5355 1971 4640 9525 8579 7946 5964 1312 8519 8019 
21 2418 7686 6399 8506 6248 4564 9734 492 3152 8060 1477 347 2778 9415 3800 8949 7083 421 1581 5057 3064 
28 9291 7889 3461 9830 4869 8194 380 4497 3429 1532 6437 2931 1328 2506 1516 731 7098 5522 114 8757 5378 6092 3189 2747 3681 5604 1573 3279 
24 9626 1332 2523 854 3414 6009 252 6902 9553 2846 3757 4002 4471 198 6162 1821 4306 8012 3835 9692 1802 2211 9369 6060 
26 9187 7810 8715 2783 4938 169 46 1937 2407 5878 1199 9110 1416 5577 1057 9293 5605 2572 9399 5588 8765 9294 5345 4149 7742 7766 
25 8509 902 825 3193 5853 9234 5031 6218 536 8064 1383 8725 3763 4614 7832 96 1925 8900 6887 5788 99 390 8090 6665 3723 
23 4586 5721 3490 3885 4645 9742 6672 7453 3079 4073 1310 3078 3242 5796 9102 5152 8558 6049 1018 9656 3238 5714 8147 
23 4644 5507 7312 9064 1676 5087 4857 8111 3316 7024 4632 3630 9946 9488 8330 5774 3653 4444 7251 8384 9499 7131 3985 
25 2327 7180 6804 601 8187 5913 294 8945 4832 4121 9029 2955 1253 1444 8248 335 4030 5492 1080 6826 5960 5685 6914 4649 3929 
26 4098 1605 368 7232 1886 5405 5764 7334 6883 3967 6622 433 7798 1493 1965 1423 7240 9856 2168 5145 834 650 8790 948 2926 2163 
25 7227 6739 1733 6407 7629 6930 8099 6963 4330 6926 4845 3796 9175 5175 8241 9323 5505 5528 1039 9338 427 7577 9781 8372 8941 
27 6694 7704 9012 3717 4137 1281 8938 8560 6582 8159 4690 7440 5364 6774 5943 5747 1990 4362 1385 7358 8389 7696 3627 3369 9277 2540 5953 
26 219 3640 4630 2216 3325 4593 4872 967 5221 4314 3463 3277 8993 7106 600 8844 6736 7295 7765 446 9854 1662 2671 3080 1454 6458 
24 2176 266 8609 2802 2667 8028 4561 6203 3606 37 9072 9269 2354 3361 1329 4182 416 5965 7878 7676 3819 2623 7881 1247 
24 1815 3358 3789 9276 4300 4623 3751 5486 9444 9709 261 3352 441 8201 4655 5643 9063 5927 8515 9771 7813 7289 1293 5571 
26 3008 2520 1054 2167 3701 1487 1721 6121 3859 5301 2599 2851 8049 8969 2682 5614 7973 6980 3187 6599 1878 9873 6311 5731 7719 343 
26 5222 9996 8207 7323 9135 952 2110 1799 1612 8345 7298 4912 2197 3521 6224 8886 7254 2650 4253 7159 1225 2877 3041 2961 392 3458 
26 8271 7346 7934 102 2209 3646 6757 1271 2874 2042 5464 2861 4459 2348 9055 6675 9825 9204 7736 2083 5776 6477 3637 6088 447 3069 
25 9670 4511 4717 2781 2673 1459 1048 7894 4685 5794 1814 2947 4626 1262 7032 9788 1919 9032 6369 3273 7359 2474 2287 7138 9176 
21 2944 892 1527 2338 6985 2930 1081 4528 3474 7672 4941 1033 3639 5573 3350 5673 1303 9467 8580 1472 9117 
27 6361 8783 6304 9485 4028 6261 1613 5847 2906 3211 4087 1592 8177 4660 9193 9748 4004 3927 7480 393 7639 4422 9814 7983 5296 4522 9736 
21 3321 8192 9975 9496 865 9141 9983 9671 5689 2358 1749 9448 7945 1434 5067 2446 7427 176 770 5458 7825 
23 3647 4782 8035 1494 9027 6727 9319 5094 6184 5102 7860 4621 8161 3908 505 3563 1156 6792 9942 1868 9609 5474 7713 
28 8564 9852 2657 9575 8682 141 5116 711 1820 7267 9219 2729 434 1342 964 1486 3214 9518 4738 8349 9115 3166 5560 4563 1234 5342 6585 464 
20 7716 3594 908 2288 3450 501 1590 3748 2237 5681 6175 609 4961 7658 835 3492 9168 6978 5046 9326 
23 113 2791 3354 4202 4065 8324 2290 4449 7898 7147 3495 8314 3360 9258 1811 4598 8853 7204 1495 6323 443 2200 4799 
25 6913 2928 4502 8868 5678 8642 1189 2702 7221 9328 6775 399 1555 4419 5456 124 4827 9356 5236 526 49 488 3741 796 5415 
26 6607 8426 9628 9613 6584 300 115 1710 7614 7763 924 8344 9739 3511 8081 7721 7887 7851 5403 1122 140 3727 3671 1544 4695 2845 
26 3168 7156 2681 3050 5627 7785 8804 5844 1433 3372 7004 3470 5308 2062 5093 5589 2010 1056 4603 7688 9719 299 197 6955 4 4553 
25 2313 4475 6164 6413 32 6809 2394 3465 5770 2557 8963 518 732 9112 8824 9093 5200 2792 8619 3868 2604 251 5825 4320 6494 
27 1724 7711 6004 6360 6563 6647 7933 7829 550 7594 3948 2631 8264 3130 1824 6847 4514 1975 838 7199 6723 2726 2734 4189 9 6911 9796 
28 5402 5227 4575 2649 3840 6969 1239 8220 4714 285 6696 4055 90 5862 9877 5984 9866 6382 3223 8365 1858 9599 1739 314 7163 5973 1001 1038 
26 6900 7864 7117 7086 5240 8368 2732 4384 1779 4773 4317 5243 4382 6530 1068 4572 2542 8388 4427 5030 8802 6005 2145 9711 4490 9517 
27 2507 6740 6410 8823 9464 5628 6484 4105 3790 2607 490 2580 1818 6061 6469 3935 1596 6309 5936 4216 6330 4983 145 259 1633 3656 2134 
27 5343 6735 1221 2382 8575 6196 9647 659 4117 8072 6548 2137 5104 1034 771 4876 8170 5288 5110 3810 6017 9891 6108 2219 3931 1602 5720 
25 3667 7398 5954 1508 671 8116 4415 7770 8843 2909 4486 5976 8166 9092 7330 2334 8231 3153 3558 4412 6302 5688 3405 840 8874 
25 554 19 9459 7162 3669 4834 3507 8027 5664 9919 2129 7635 2685 2350 2367 1243 3440 9308 8723 182 6358 8636 4339 9635 9677 
25 7088 8848 482 4410 7922 9273 6172 2415 5879 5062 4204 7237 2939 4039 9235 558 2575 981 2637 4508 1728 4918 579 4013 5672 
26 8587 6189 4084 5626 6141 5766 9232 9817 2548 6619 5442 4906 6325 184 6030 5181 954 4755 9491 9905 1354 8891 469 6981 1306 5543 
26 6418 8020 2539 6430 7211 6336 4792 2969 5933 2141 8911 575 5249 3489 5575 7543 8402 2932 6766 1404 9426 7437 2767 7496 778 4846 
27 9698 1492 7372 3795 7193 292 2797 8780 6674 7120 9330 5262 6609 1065 3142 3013 7345 2832 6661 571 7518 8333 7416 5439 5388 4683 3478 
25 8698 9166 6377 3366 2404 4227 8798 1679 6059 3907 4198 7454 8247 9957 6525 8496 4708 5638 6688 8577 6401 1903 5204 2337 4281 
28 6780 1414 7224 6128 1634 7882 9897 178 2220 8239 538 1946 4009 9278 3406 9828 1606 9762 5898 4923 9279 7491 9005 8657 6693 7281 8980 3619 
26 6767 8055 7355 4372 4605 4756 3228 1348 2534 5583 9542 6102 414 7723 7388 6704 5363 4148 1608 6520 5146 265 2583 5455 1210 142 
23 6044 4648 9944 7874 6356 9678 6597 2108 1855 6602 9943 9629 7015 7747 6095 6640 2262 7740 3644 3310 8070 8654 8847 
24 4056 8711 9625 9419 2434 2011 2388 7573 6800 7142 3182 7007 7018 4521 5106 359 3001 2428 765 191 3837 1190 1939 2755 
27 2531 3579 6875 8536 6340 5267 7777 7457 8505 4496 4426 4043 1402 7999 9930 7107 7012 3888 5987 8561 2488 2251 2946 8080 5661 7146 1300 
27 3410 3596 2401 6021 2754 8353 2320 969 8664 2040 2841 2526 6234 6083 7217 2996 3195 1696 2371 2127 7780 1484 9898 5141 762 7311 7783 
25 5881 6745 4482 9182 5050 9846 9440 8801 2179 8218 5880 6833 4950 1622 8887 8778 5945 9893 6109 1575 4580 3298 6569 6603 8850 
25 1879 9087 4665 4228 1667 2171 6359 7873 2346 1029 9955 4903 5320 4801 8927 1151 1916 9066 3407 4287 3252 4813 8581 6073 3588 
27 8086 864 8382 3585 5503 4913 9809 5835 5323 463 395 8650 9498 1525 6995 1941 3599 7890 3516 8677 3302 1366 4519 8877 8043 6789 6997 
26 8189 2006 5554 8554 7628 5241 3952 5967 8023 947 7077 5730 4464 4578 2451 4817 2676 337 5297 4005 7955 3460 5599 8232 7772 4319 
23 2828 4546 8462 4830 4953 4027 65 194 3573 7046 9718 1806 798 7997 9161 9107 5752 123 6193 5248 5652 4311 9532 
22 1794 9851 1208 415 9159 2292 1589 8026 235 1283 9554 149 4025 5513 3023 1091 891 5246 8507 8858 6968 9569 
26 7849 3918 7927 802 2686 4764 1738 5702 5099 1431 4899 1130 4898 1072 8920 4122 5270 6531 4581 2120 9999 3106 58 807 8898 3346 
26 394 6912 9254 9190 3636 3364 1101 118 8244 4667 8553 4947 6008 9683 1449 9188 1894 3472 1241 3219 7739 7938 4886 8138 8552 8022 
29 6269 9137 245 435 9511 9037 8412 4195 8075 4689 2272 9368 8268 6495 5216 2644 6803 9111 25 4254 1661 6867 5447 1336 1952 6958 9850 8001 4120 
25 6843 2738 4467 1684 6512 3326 106 1896 3710 4266 4219 9231 456 104 6572 2517 5680 7919 8568 2005 2865 1698 1536 70 9990 
